<?xml version="1.0" encoding="UTF-8"?>
<testsuites>
    <testsuite name=";" tests="12" failures="0" skipped="0">
        <properties>
            <property name="URI" value="C:\Users\Data\Desktop\JavaScripts projects\coffee.machine.project\features\coffeeMachineUser.feature">
            </property>
        </properties>
        <testcase name="Given that the machine is plugged in" classname=";" time="0.002117292">
        </testcase>
        <testcase name="And the power light is on" classname=";" time="0.000446043">
        </testcase>
        <testcase name="And that the machine has enough water" classname=";" time="0.000539973">
        </testcase>
        <testcase name="And that the machine has enough coffee" classname=";" time="0.00058001">
        </testcase>
        <testcase name="And that the machine has enough milk" classname=";" time="0.000703198">
        </testcase>
        <testcase name="And the machine has plastic cups" classname=";" time="0.000464007">
        </testcase>
        <testcase name="When I insert 10 kr in the machine" classname=";" time="0.001070709">
        </testcase>
        <testcase name="When I insert 5 kr in the machine" classname=";" time="0.000350059">
        </testcase>
        <testcase name="When I insert 0 kr in the machine" classname=";" time="0.000215066">
        </testcase>
        <testcase name="And I select the drink &quot;black coffee&quot;" classname=";" time="0.000410627">
        </testcase>
        <testcase name="And I presses the &quot;start&quot; button" classname=";" time="0.001306305">
        </testcase>
        <testcase name="Then I will get a 1 cup of coffee" classname=";" time="0.000357758">
        </testcase>
    </testsuite>
    <testsuite name=";" tests="12" failures="0" skipped="0">
        <properties>
            <property name="URI" value="C:\Users\Data\Desktop\JavaScripts projects\coffee.machine.project\features\coffeeMachineUser.feature">
            </property>
        </properties>
        <testcase name="Given that the machine is plugged in" classname=";" time="0.000209419">
        </testcase>
        <testcase name="And the power light is on" classname=";" time="0.000177596">
        </testcase>
        <testcase name="And that the machine has enough water" classname=";" time="0.000174003">
        </testcase>
        <testcase name="And that the machine has enough coffee" classname=";" time="0.000226358">
        </testcase>
        <testcase name="And that the machine has enough milk" classname=";" time="0.000145259">
        </testcase>
        <testcase name="And the machine has plastic cups" classname=";" time="0.000213012">
        </testcase>
        <testcase name="When I insert 5 kr in the machine" classname=";" time="0.000166304">
        </testcase>
        <testcase name="When I insert 5 kr in the machine" classname=";" time="0.00020634">
        </testcase>
        <testcase name="When I insert 5 kr in the machine" classname=";" time="0.000180162">
        </testcase>
        <testcase name="And I select the drink &quot;coffee with milk&quot;" classname=";" time="0.00016425">
        </testcase>
        <testcase name="And I presses the &quot;start&quot; button" classname=";" time="0.000167331">
        </testcase>
        <testcase name="Then I will get a 1 cup of coffee" classname=";" time="0.000176056">
        </testcase>
    </testsuite>
    <testsuite name=";" tests="12" failures="0" skipped="0">
        <properties>
            <property name="URI" value="C:\Users\Data\Desktop\JavaScripts projects\coffee.machine.project\features\coffeeMachineUser.feature">
            </property>
        </properties>
        <testcase name="Given that the machine is plugged in" classname=";" time="0.000166817">
        </testcase>
        <testcase name="And the power light is on" classname=";" time="0.000179649">
        </testcase>
        <testcase name="And that the machine has enough water" classname=";" time="0.000161685">
        </testcase>
        <testcase name="And that the machine has enough coffee" classname=";" time="0.000189915">
        </testcase>
        <testcase name="And that the machine has enough milk" classname=";" time="0.000181703">
        </testcase>
        <testcase name="And the machine has plastic cups" classname=";" time="0.000160657">
        </testcase>
        <testcase name="When I insert 0 kr in the machine" classname=";" time="0.000172463">
        </testcase>
        <testcase name="When I insert 10 kr in the machine" classname=";" time="0.000185295">
        </testcase>
        <testcase name="When I insert 5 kr in the machine" classname=";" time="0.000206339">
        </testcase>
        <testcase name="And I select the drink &quot;coppuccino&quot;" classname=";" time="0.000181189">
        </testcase>
        <testcase name="And I presses the &quot;start&quot; button" classname=";" time="0.000189915">
        </testcase>
        <testcase name="Then I will get a 1 cup of coffee" classname=";" time="0.000211986">
        </testcase>
    </testsuite>
    <testsuite name=";" tests="14" failures="0" skipped="0">
        <properties>
            <property name="URI" value="C:\Users\Data\Desktop\JavaScripts projects\coffee.machine.project\features\coffeeMachineUser.feature">
            </property>
        </properties>
        <testcase name="Given that the machine is plugged in" classname=";" time="0.000209933">
        </testcase>
        <testcase name="And the power light is on" classname=";" time="0.000235084">
        </testcase>
        <testcase name="And that the machine has enough water" classname=";" time="0.000221739">
        </testcase>
        <testcase name="And that the machine has enough coffee" classname=";" time="0.000206339">
        </testcase>
        <testcase name="And that the machine has enough milk" classname=";" time="0.000163224">
        </testcase>
        <testcase name="And the machine has plastic cups" classname=";" time="0.000158091">
        </testcase>
        <testcase name="Given that the machine is plugged in" classname=";" time="0.000179649">
        </testcase>
        <testcase name="And the power light is on" classname=";" time="0.000234571">
        </testcase>
        <testcase name="And that the machine has enough water" classname=";" time="0.000196074">
        </testcase>
        <testcase name="And that the machine has enough coffee" classname=";" time="0.000184268">
        </testcase>
        <testcase name="And that the machine has enough milk" classname=";" time="0.000196588">
        </testcase>
        <testcase name="And the machine has plastic cups" classname=";" time="0.000222765">
        </testcase>
        <testcase name="When I insert &quot;byxknapp&quot; in the machine" classname=";" time="0.002538698">
        </testcase>
        <testcase name="Then the machine will not be alble to serve drinks" classname=";" time="0.000485566">
        </testcase>
    </testsuite>
    <testsuite name=";" tests="14" failures="0" skipped="0">
        <properties>
            <property name="URI" value="C:\Users\Data\Desktop\JavaScripts projects\coffee.machine.project\features\coffeeMachineUser.feature">
            </property>
        </properties>
        <testcase name="Given that the machine is plugged in" classname=";" time="0.00017349">
        </testcase>
        <testcase name="And the power light is on" classname=";" time="0.000128834">
        </testcase>
        <testcase name="And that the machine has enough water" classname=";" time="0.000141153">
        </testcase>
        <testcase name="And that the machine has enough coffee" classname=";" time="0.000130374">
        </testcase>
        <testcase name="And that the machine has enough milk" classname=";" time="0.000131914">
        </testcase>
        <testcase name="And the machine has plastic cups" classname=";" time="0.000116515">
        </testcase>
        <testcase name="Given that the machine is plugged in" classname=";" time="0.000184269">
        </testcase>
        <testcase name="And the power light is on" classname=";" time="0.000148852">
        </testcase>
        <testcase name="And that the machine has enough water" classname=";" time="0.000129347">
        </testcase>
        <testcase name="And that the machine has enough coffee" classname=";" time="0.000122162">
        </testcase>
        <testcase name="And that the machine has enough milk" classname=";" time="0.000227897">
        </testcase>
        <testcase name="And the machine has plastic cups" classname=";" time="0.00017349">
        </testcase>
        <testcase name="When I insert &quot;false coin&quot; in the machine" classname=";" time="0.000524061">
        </testcase>
        <testcase name="Then the machine will not be alble to serve drinks" classname=";" time="0.000164251">
        </testcase>
    </testsuite>
    <testsuite name=";" tests="16" failures="0" skipped="0">
        <properties>
            <property name="URI" value="C:\Users\Data\Desktop\JavaScripts projects\coffee.machine.project\features\coffeeMachineUser.feature">
            </property>
        </properties>
        <testcase name="Given that the machine is plugged in" classname=";" time="0.000162197">
        </testcase>
        <testcase name="And the power light is on" classname=";" time="0.000151931">
        </testcase>
        <testcase name="And that the machine has enough water" classname=";" time="0.000253048">
        </testcase>
        <testcase name="And that the machine has enough coffee" classname=";" time="0.00016117">
        </testcase>
        <testcase name="And that the machine has enough milk" classname=";" time="0.000194534">
        </testcase>
        <testcase name="And the machine has plastic cups" classname=";" time="0.000155011">
        </testcase>
        <testcase name="Given that the machine is plugged in" classname=";" time="0.000707304">
        </testcase>
        <testcase name="And the power light is on" classname=";" time="0.000189401">
        </testcase>
        <testcase name="And that the machine has enough water" classname=";" time="0.000233544">
        </testcase>
        <testcase name="And that the machine has enough coffee" classname=";" time="0.000169383">
        </testcase>
        <testcase name="And that the machine has enough milk" classname=";" time="0.001404342">
        </testcase>
        <testcase name="And the machine has plastic cups" classname=";" time="0.000191968">
        </testcase>
        <testcase name="And I pay 15 kr with credit card" classname=";" time="0.000590276">
        </testcase>
        <testcase name="And I select the drink &quot;black coffee&quot;" classname=";" time="0.000167843">
        </testcase>
        <testcase name="When I presses the &quot;start&quot; button" classname=";" time="0.000415246">
        </testcase>
        <testcase name="Then I will get a cup of coffee" classname=";" time="0.000319776">
        </testcase>
    </testsuite>
    <testsuite name=";" tests="16" failures="0" skipped="0">
        <properties>
            <property name="URI" value="C:\Users\Data\Desktop\JavaScripts projects\coffee.machine.project\features\coffeeMachineUser.feature">
            </property>
        </properties>
        <testcase name="Given that the machine is plugged in" classname=";" time="0.000185295">
        </testcase>
        <testcase name="And the power light is on" classname=";" time="0.000182729">
        </testcase>
        <testcase name="And that the machine has enough water" classname=";" time="0.000185295">
        </testcase>
        <testcase name="And that the machine has enough coffee" classname=";" time="0.000147826">
        </testcase>
        <testcase name="And that the machine has enough milk" classname=";" time="0.000158605">
        </testcase>
        <testcase name="And the machine has plastic cups" classname=";" time="0.000123188">
        </testcase>
        <testcase name="Given that the machine is plugged in" classname=";" time="0.005373559">
        </testcase>
        <testcase name="And the power light is on" classname=";" time="0.000174002">
        </testcase>
        <testcase name="And that the machine has enough water" classname=";" time="0.000150392">
        </testcase>
        <testcase name="And that the machine has enough coffee" classname=";" time="0.000151418">
        </testcase>
        <testcase name="And that the machine has enough milk" classname=";" time="0.00012986">
        </testcase>
        <testcase name="And the machine has plastic cups" classname=";" time="0.000130374">
        </testcase>
        <testcase name="And I pay 15 kr with credit card" classname=";" time="0.000222252">
        </testcase>
        <testcase name="And I select the drink &quot;coffee with milk&quot;" classname=";" time="0.000235597">
        </testcase>
        <testcase name="When I presses the &quot;start&quot; button" classname=";" time="0.000156552">
        </testcase>
        <testcase name="Then I will get a cup of coffee" classname=";" time="0.000156038">
        </testcase>
    </testsuite>
    <testsuite name=";" tests="16" failures="0" skipped="0">
        <properties>
            <property name="URI" value="C:\Users\Data\Desktop\JavaScripts projects\coffee.machine.project\features\coffeeMachineUser.feature">
            </property>
        </properties>
        <testcase name="Given that the machine is plugged in" classname=";" time="0.000176569">
        </testcase>
        <testcase name="And the power light is on" classname=";" time="0.000130374">
        </testcase>
        <testcase name="And that the machine has enough water" classname=";" time="0.000127808">
        </testcase>
        <testcase name="And that the machine has enough coffee" classname=";" time="0.000113435">
        </testcase>
        <testcase name="And that the machine has enough milk" classname=";" time="0.000160144">
        </testcase>
        <testcase name="And the machine has plastic cups" classname=";" time="0.000109843">
        </testcase>
        <testcase name="Given that the machine is plugged in" classname=";" time="0.00013602">
        </testcase>
        <testcase name="And the power light is on" classname=";" time="0.000122675">
        </testcase>
        <testcase name="And that the machine has enough water" classname=";" time="0.000225331">
        </testcase>
        <testcase name="And that the machine has enough coffee" classname=";" time="0.000211986">
        </testcase>
        <testcase name="And that the machine has enough milk" classname=";" time="0.000147312">
        </testcase>
        <testcase name="And the machine has plastic cups" classname=";" time="0.000099577">
        </testcase>
        <testcase name="And I pay 15 kr with credit card" classname=";" time="0.00019556">
        </testcase>
        <testcase name="And I select the drink &quot;coppuccino&quot;" classname=";" time="0.000146798">
        </testcase>
        <testcase name="When I presses the &quot;start&quot; button" classname=";" time="0.000182728">
        </testcase>
        <testcase name="Then I will get a cup of coffee" classname=";" time="0.000254075">
        </testcase>
    </testsuite>
    <testsuite name=";" tests="10" failures="0" skipped="0">
        <properties>
            <property name="URI" value="C:\Users\Data\Desktop\JavaScripts projects\coffee.machine.project\features\coffeeMachineUser.feature">
            </property>
        </properties>
        <testcase name="Given that the machine is plugged in" classname=";" time="0.000156038">
        </testcase>
        <testcase name="And the power light is on" classname=";" time="0.000147825">
        </testcase>
        <testcase name="And that the machine has enough water" classname=";" time="0.000163738">
        </testcase>
        <testcase name="And that the machine has enough coffee" classname=";" time="0.000195561">
        </testcase>
        <testcase name="And that the machine has enough milk" classname=";" time="0.000161684">
        </testcase>
        <testcase name="And the machine has plastic cups" classname=";" time="0.000149878">
        </testcase>
        <testcase name="Given I pay 15 kr with credit card" classname=";" time="0.001574752">
        </testcase>
        <testcase name="When I press cancel" classname=";" time="0.000994743">
        </testcase>
        <testcase name="Then I will get my money back" classname=";" time="0.000571284">
        </testcase>
        <testcase name="And the machine will not be alble to serve drinks" classname=";" time="0.000188374">
        </testcase>
    </testsuite>
    <testsuite name=";" tests="10" failures="0" skipped="0">
        <properties>
            <property name="URI" value="C:\Users\Data\Desktop\JavaScripts projects\coffee.machine.project\features\coffeeMachineUser.feature">
            </property>
        </properties>
        <testcase name="Given that the machine is plugged in" classname=";" time="0.000163224">
        </testcase>
        <testcase name="And the power light is on" classname=";" time="0.000141153">
        </testcase>
        <testcase name="And that the machine has enough water" classname=";" time="0.000153471">
        </testcase>
        <testcase name="And that the machine has enough coffee" classname=";" time="0.000154499">
        </testcase>
        <testcase name="And that the machine has enough milk" classname=";" time="0.000145772">
        </testcase>
        <testcase name="And the machine has plastic cups" classname=";" time="0.000102143">
        </testcase>
        <testcase name="Given I do not pay enough 1 kr" classname=";" time="0.000288465">
        </testcase>
        <testcase name="Given I do not pay enough 2 kr" classname=";" time="0.000197614">
        </testcase>
        <testcase name="Given I do not pay enough 5 kr" classname=";" time="0.000168357">
        </testcase>
        <testcase name="Then the machine will not be alble to serve drinks" classname=";" time="0.00014218">
        </testcase>
    </testsuite>
    <testsuite name=";" tests="10" failures="0" skipped="0">
        <properties>
            <property name="URI" value="C:\Users\Data\Desktop\JavaScripts projects\coffee.machine.project\features\coffeeMachineUser.feature">
            </property>
        </properties>
        <testcase name="Given that the machine is plugged in" classname=";" time="0.000141666">
        </testcase>
        <testcase name="And the power light is on" classname=";" time="0.000157065">
        </testcase>
        <testcase name="And that the machine has enough water" classname=";" time="0.00013602">
        </testcase>
        <testcase name="And that the machine has enough coffee" classname=";" time="0.00012986">
        </testcase>
        <testcase name="And that the machine has enough milk" classname=";" time="0.000126268">
        </testcase>
        <testcase name="And the machine has plastic cups" classname=";" time="0.000111382">
        </testcase>
        <testcase name="Given I do not pay enough 10 kr" classname=";" time="0.000106249">
        </testcase>
        <testcase name="Given I do not pay enough 1 kr" classname=";" time="0.001823694">
        </testcase>
        <testcase name="Given I do not pay enough 2 kr" classname=";" time="0.000172976">
        </testcase>
        <testcase name="Then the machine will not be alble to serve drinks" classname=";" time="0.00021096">
        </testcase>
    </testsuite>
    <testsuite name=";" tests="10" failures="0" skipped="0">
        <properties>
            <property name="URI" value="C:\Users\Data\Desktop\JavaScripts projects\coffee.machine.project\features\coffeeMachineUser.feature">
            </property>
        </properties>
        <testcase name="Given that the machine is plugged in" classname=";" time="0.000123188">
        </testcase>
        <testcase name="And the power light is on" classname=";" time="0.000123188">
        </testcase>
        <testcase name="And that the machine has enough water" classname=";" time="0.000099577">
        </testcase>
        <testcase name="And that the machine has enough coffee" classname=";" time="0.00016733">
        </testcase>
        <testcase name="And that the machine has enough milk" classname=";" time="0.000126267">
        </testcase>
        <testcase name="And the machine has plastic cups" classname=";" time="0.000120108">
        </testcase>
        <testcase name="Given I pay 15 kr with credit card" classname=";" time="0.00017811">
        </testcase>
        <testcase name="When I do not select a drink" classname=";" time="0.000458362">
        </testcase>
        <testcase name="And I presses the &quot;start&quot; button" classname=";" time="0.000131914">
        </testcase>
        <testcase name="And the machine will not be alble to serve drinks" classname=";" time="0.00014372">
        </testcase>
    </testsuite>
</testsuites>