<?xml version="1.0" encoding="UTF-8"?>
<testsuites>
    <testsuite name=";" tests="6" failures="0" skipped="0">
        <properties>
            <property name="URI" value="C:/Users/Data/Desktop/JavaScripts projects/coffee.machine.project/features/coffeeMachineControll.feature">
            </property>
        </properties>
        <testcase name="Given that the machine is plugged in" classname=";" time="0.002061345">
        </testcase>
        <testcase name="And the power light is on" classname=";" time="0.000437831">
        </testcase>
        <testcase name="And that the machine has enough water" classname=";" time="0.00043937">
        </testcase>
        <testcase name="And the machine has plastic cups" classname=";" time="0.000476327">
        </testcase>
        <testcase name="When I press the power button" classname=";" time="0.000496858">
        </testcase>
        <testcase name="Then the machine will be ready to serve drinks" classname=";" time="0.000399848">
        </testcase>
    </testsuite>
    <testsuite name=";" tests="6" failures="0" skipped="0">
        <properties>
            <property name="URI" value="C:/Users/Data/Desktop/JavaScripts projects/coffee.machine.project/features/coffeeMachineControll.feature">
            </property>
        </properties>
        <testcase name="Given that the machine is plugged in" classname=";" time="0.00027666">
        </testcase>
        <testcase name="And the power light is on" classname=";" time="0.000162198">
        </testcase>
        <testcase name="And that the machine has enough coffee" classname=";" time="0.000353139">
        </testcase>
        <testcase name="And the machine has plastic cups" classname=";" time="0.000149878">
        </testcase>
        <testcase name="When I press the power button" classname=";" time="0.000111896">
        </testcase>
        <testcase name="Then the machine will be ready to serve drinks" classname=";" time="0.000149366">
        </testcase>
    </testsuite>
    <testsuite name=";" tests="6" failures="0" skipped="0">
        <properties>
            <property name="URI" value="C:/Users/Data/Desktop/JavaScripts projects/coffee.machine.project/features/coffeeMachineControll.feature">
            </property>
        </properties>
        <testcase name="Given that the machine is plugged in" classname=";" time="0.000183242">
        </testcase>
        <testcase name="And the power light is on" classname=";" time="0.000153472">
        </testcase>
        <testcase name="And that the machine has enough milk" classname=";" time="0.00044245">
        </testcase>
        <testcase name="And the machine has plastic cups" classname=";" time="0.000136533">
        </testcase>
        <testcase name="When I press the power button" classname=";" time="0.000150392">
        </testcase>
        <testcase name="Then the machine will be ready to serve drinks" classname=";" time="0.000097524">
        </testcase>
    </testsuite>
    <testsuite name=";" tests="3" failures="0" skipped="0">
        <properties>
            <property name="URI" value="C:/Users/Data/Desktop/JavaScripts projects/coffee.machine.project/features/coffeeMachineControll.feature">
            </property>
        </properties>
        <testcase name="Given that the machine is not plugged in" classname=";" time="0.000334661">
        </testcase>
        <testcase name="When I press the power button" classname=";" time="0.000095984">
        </testcase>
        <testcase name="Then the machine will not be alble to serve drinks" classname=";" time="0.000206339">
        </testcase>
    </testsuite>
    <testsuite name=";" tests="4" failures="0" skipped="0">
        <properties>
            <property name="URI" value="C:/Users/Data/Desktop/JavaScripts projects/coffee.machine.project/features/coffeeMachineControll.feature">
            </property>
        </properties>
        <testcase name="Given that the machine is plugged in" classname=";" time="0.000141666">
        </testcase>
        <testcase name="And there are not enough water" classname=";" time="0.0002705">
        </testcase>
        <testcase name="When I press the power button" classname=";" time="0.000090338">
        </testcase>
        <testcase name="Then the machine will not be alble to serve drinks" classname=";" time="0.000099577">
        </testcase>
    </testsuite>
    <testsuite name=";" tests="4" failures="0" skipped="0">
        <properties>
            <property name="URI" value="C:/Users/Data/Desktop/JavaScripts projects/coffee.machine.project/features/coffeeMachineControll.feature">
            </property>
        </properties>
        <testcase name="Given that the machine is plugged in" classname=";" time="0.000156552">
        </testcase>
        <testcase name="And there are not enough coffee" classname=";" time="0.000349033">
        </testcase>
        <testcase name="When I press the power button" classname=";" time="0.000152445">
        </testcase>
        <testcase name="Then the machine will not be alble to serve drinks" classname=";" time="0.00020634">
        </testcase>
    </testsuite>
    <testsuite name=";" tests="4" failures="0" skipped="0">
        <properties>
            <property name="URI" value="C:/Users/Data/Desktop/JavaScripts projects/coffee.machine.project/features/coffeeMachineControll.feature">
            </property>
        </properties>
        <testcase name="Given that the machine is plugged in" classname=";" time="0.000185808">
        </testcase>
        <testcase name="And there are not enough milk" classname=";" time="0.000342873">
        </testcase>
        <testcase name="When I press the power button" classname=";" time="0.000150905">
        </testcase>
        <testcase name="Then the machine will not be alble to serve drinks" classname=";" time="0.000115489">
        </testcase>
    </testsuite>
    <testsuite name=";" tests="12" failures="0" skipped="0">
        <properties>
            <property name="URI" value="C:/Users/Data/Desktop/JavaScripts projects/coffee.machine.project/features/coffeeMachineUser.feature">
            </property>
        </properties>
        <testcase name="Given that the machine is plugged in" classname=";" time="0.00010009">
        </testcase>
        <testcase name="And the power light is on" classname=";" time="0.000089825">
        </testcase>
        <testcase name="And that the machine has enough water" classname=";" time="0.000091878">
        </testcase>
        <testcase name="And that the machine has enough coffee" classname=";" time="0.000078019">
        </testcase>
        <testcase name="And that the machine has enough milk" classname=";" time="0.000085205">
        </testcase>
        <testcase name="And the machine has plastic cups" classname=";" time="0.000087258">
        </testcase>
        <testcase name="When I insert 10 kr in the machine" classname=";" time="0.000718596">
        </testcase>
        <testcase name="When I insert 5 kr in the machine" classname=";" time="0.000207879">
        </testcase>
        <testcase name="When I insert 0 kr in the machine" classname=";" time="0.000105223">
        </testcase>
        <testcase name="And I select the drink &quot;black coffee&quot;" classname=";" time="0.000357758">
        </testcase>
        <testcase name="And I presses the &quot;start&quot; button" classname=";" time="0.000530221">
        </testcase>
        <testcase name="Then I will get a 1 cup of coffee" classname=";" time="0.000214553">
        </testcase>
    </testsuite>
    <testsuite name=";" tests="12" failures="0" skipped="0">
        <properties>
            <property name="URI" value="C:/Users/Data/Desktop/JavaScripts projects/coffee.machine.project/features/coffeeMachineUser.feature">
            </property>
        </properties>
        <testcase name="Given that the machine is plugged in" classname=";" time="0.00009547">
        </testcase>
        <testcase name="And the power light is on" classname=";" time="0.000085718">
        </testcase>
        <testcase name="And that the machine has enough water" classname=";" time="0.000091878">
        </testcase>
        <testcase name="And that the machine has enough coffee" classname=";" time="0.000105736">
        </testcase>
        <testcase name="And that the machine has enough milk" classname=";" time="0.000068267">
        </testcase>
        <testcase name="And the machine has plastic cups" classname=";" time="0.000082639">
        </testcase>
        <testcase name="When I insert 5 kr in the machine" classname=";" time="0.000074426">
        </testcase>
        <testcase name="When I insert 5 kr in the machine" classname=";" time="0.000099576">
        </testcase>
        <testcase name="When I insert 5 kr in the machine" classname=";" time="0.000079045">
        </testcase>
        <testcase name="And I select the drink &quot;coffee with milk&quot;" classname=";" time="0.000118569">
        </testcase>
        <testcase name="And I presses the &quot;start&quot; button" classname=";" time="0.000105736">
        </testcase>
        <testcase name="Then I will get a 1 cup of coffee" classname=";" time="0.000072373">
        </testcase>
    </testsuite>
    <testsuite name=";" tests="12" failures="0" skipped="0">
        <properties>
            <property name="URI" value="C:/Users/Data/Desktop/JavaScripts projects/coffee.machine.project/features/coffeeMachineUser.feature">
            </property>
        </properties>
        <testcase name="Given that the machine is plugged in" classname=";" time="0.000092391">
        </testcase>
        <testcase name="And the power light is on" classname=";" time="0.000085205">
        </testcase>
        <testcase name="And that the machine has enough water" classname=";" time="0.000073912">
        </testcase>
        <testcase name="And that the machine has enough coffee" classname=";" time="0.000089824">
        </testcase>
        <testcase name="And that the machine has enough milk" classname=";" time="0.000070833">
        </testcase>
        <testcase name="And the machine has plastic cups" classname=";" time="0.000089311">
        </testcase>
        <testcase name="When I insert 0 kr in the machine" classname=";" time="0.000081099">
        </testcase>
        <testcase name="When I insert 10 kr in the machine" classname=";" time="0.00009239">
        </testcase>
        <testcase name="When I insert 5 kr in the machine" classname=";" time="0.000083152">
        </testcase>
        <testcase name="And I select the drink &quot;coppuccino&quot;" classname=";" time="0.000098551">
        </testcase>
        <testcase name="And I presses the &quot;start&quot; button" classname=";" time="0.000079559">
        </testcase>
        <testcase name="Then I will get a 1 cup of coffee" classname=";" time="0.000083665">
        </testcase>
    </testsuite>
    <testsuite name=";" tests="8" failures="0" skipped="0">
        <properties>
            <property name="URI" value="C:/Users/Data/Desktop/JavaScripts projects/coffee.machine.project/features/coffeeMachineUser.feature">
            </property>
        </properties>
        <testcase name="Given that the machine is plugged in" classname=";" time="0.00010009">
        </testcase>
        <testcase name="And the power light is on" classname=";" time="0.000088798">
        </testcase>
        <testcase name="And that the machine has enough water" classname=";" time="0.000079046">
        </testcase>
        <testcase name="And that the machine has enough coffee" classname=";" time="0.000087258">
        </testcase>
        <testcase name="And that the machine has enough milk" classname=";" time="0.000070833">
        </testcase>
        <testcase name="And the machine has plastic cups" classname=";" time="0.000087772">
        </testcase>
        <testcase name="When I insert &quot;byxknapp&quot; in the machine" classname=";" time="0.001477229">
        </testcase>
        <testcase name="Then the machine will not be alble to serve drinks" classname=";" time="0.000120621">
        </testcase>
    </testsuite>
    <testsuite name=";" tests="8" failures="0" skipped="0">
        <properties>
            <property name="URI" value="C:/Users/Data/Desktop/JavaScripts projects/coffee.machine.project/features/coffeeMachineUser.feature">
            </property>
        </properties>
        <testcase name="Given that the machine is plugged in" classname=";" time="0.000092904">
        </testcase>
        <testcase name="And the power light is on" classname=";" time="0.000090851">
        </testcase>
        <testcase name="And that the machine has enough water" classname=";" time="0.000140126">
        </testcase>
        <testcase name="And that the machine has enough coffee" classname=";" time="0.000123188">
        </testcase>
        <testcase name="And that the machine has enough milk" classname=";" time="0.00050353">
        </testcase>
        <testcase name="And the machine has plastic cups" classname=";" time="0.000116002">
        </testcase>
        <testcase name="When I insert &quot;false coin&quot; in the machine" classname=";" time="0.000291544">
        </testcase>
        <testcase name="Then the machine will not be alble to serve drinks" classname=";" time="0.000074426">
        </testcase>
    </testsuite>
    <testsuite name=";" tests="10" failures="0" skipped="1">
        <properties>
            <property name="URI" value="C:/Users/Data/Desktop/JavaScripts projects/coffee.machine.project/features/coffeeMachineUser.feature">
            </property>
        </properties>
        <testcase name="Given that the machine is plugged in" classname=";" time="0.000105736">
        </testcase>
        <testcase name="And the power light is on" classname=";" time="0.000080585">
        </testcase>
        <testcase name="And that the machine has enough water" classname=";" time="0.000076992">
        </testcase>
        <testcase name="And that the machine has enough coffee" classname=";" time="0.000113435">
        </testcase>
        <testcase name="And that the machine has enough milk" classname=";" time="0.000106763">
        </testcase>
        <testcase name="And the machine has plastic cups" classname=";" time="0.000160657">
        </testcase>
        <testcase name="And I pay 15 kr with credit card" classname=";" time="0.000384962">
        </testcase>
        <testcase name="And I select the drink &quot;black coffee&quot;" classname=";" time="0.000124728">
        </testcase>
        <testcase name="And I presses the &quot;start&quot; button" classname=";" time="0.000112922">
        </testcase>
        <testcase name="Then I will get a cup of coffee" classname=";">
            <skipped message="">
            </skipped>
        </testcase>
    </testsuite>
    <testsuite name=";" tests="10" failures="0" skipped="1">
        <properties>
            <property name="URI" value="C:/Users/Data/Desktop/JavaScripts projects/coffee.machine.project/features/coffeeMachineUser.feature">
            </property>
        </properties>
        <testcase name="Given that the machine is plugged in" classname=";" time="0.000097524">
        </testcase>
        <testcase name="And the power light is on" classname=";" time="0.00010779">
        </testcase>
        <testcase name="And that the machine has enough water" classname=";" time="0.000119082">
        </testcase>
        <testcase name="And that the machine has enough coffee" classname=";" time="0.000087771">
        </testcase>
        <testcase name="And that the machine has enough milk" classname=";" time="0.000085718">
        </testcase>
        <testcase name="And the machine has plastic cups" classname=";" time="0.000113436">
        </testcase>
        <testcase name="And I pay 15 kr with credit card" classname=";" time="0.000119082">
        </testcase>
        <testcase name="And I select the drink &quot;coffee with milk&quot;" classname=";" time="0.000111382">
        </testcase>
        <testcase name="And I presses the &quot;start&quot; button" classname=";" time="0.000117029">
        </testcase>
        <testcase name="Then I will get a cup of coffee" classname=";">
            <skipped message="">
            </skipped>
        </testcase>
    </testsuite>
    <testsuite name=";" tests="10" failures="0" skipped="1">
        <properties>
            <property name="URI" value="C:/Users/Data/Desktop/JavaScripts projects/coffee.machine.project/features/coffeeMachineUser.feature">
            </property>
        </properties>
        <testcase name="Given that the machine is plugged in" classname=";" time="0.000092391">
        </testcase>
        <testcase name="And the power light is on" classname=";" time="0.000088284">
        </testcase>
        <testcase name="And that the machine has enough water" classname=";" time="0.000073912">
        </testcase>
        <testcase name="And that the machine has enough coffee" classname=";" time="0.000087258">
        </testcase>
        <testcase name="And that the machine has enough milk" classname=";" time="0.00010471">
        </testcase>
        <testcase name="And the machine has plastic cups" classname=";" time="0.000086231">
        </testcase>
        <testcase name="And I pay 15 kr with credit card" classname=";" time="0.000118055">
        </testcase>
        <testcase name="And I select the drink &quot;coppuccino&quot;" classname=";" time="0.000077506">
        </testcase>
        <testcase name="And I presses the &quot;start&quot; button" classname=";" time="0.000094445">
        </testcase>
        <testcase name="Then I will get a cup of coffee" classname=";">
            <skipped message="">
            </skipped>
        </testcase>
    </testsuite>
</testsuites>